<?xml version="1.0" encoding="UTF-8"?>
<testsuite name="AnimalTest" tests="1" skipped="0" failures="0" errors="0" timestamp="2020-02-17T11:42:44" hostname="umuzi-admin" time="0.002">
  <properties/>
  <testcase name="TestDogSound" classname="AnimalTest" time="0.002"/>
  <system-out><![CDATA[]]></system-out>
  <system-err><![CDATA[]]></system-err>
</testsuite>
